[debug] [2017-08-14T11:37:07.471Z] ----------------------------------------------------------------------
[debug] [2017-08-14T11:37:07.487Z] Command:       E:\dev\node\node.exe C:\Users\harupapa\AppData\Roaming\npm\node_modules\firebase-tools\bin\firebase serve
[debug] [2017-08-14T11:37:07.487Z] CLI Version:   3.9.2
[debug] [2017-08-14T11:37:07.487Z] Platform:      win32
[debug] [2017-08-14T11:37:07.487Z] Node Version:  v6.11.0
[debug] [2017-08-14T11:37:07.487Z] Time:          Mon Aug 14 2017 20:37:07 GMT+0900 (대한민국 표준시)
[debug] [2017-08-14T11:37:07.487Z] ----------------------------------------------------------------------
[debug] 
[debug] [2017-08-14T11:37:07.502Z] > command requires scopes: ["email","openid","https://www.googleapis.com/auth/cloudplatformprojects.readonly","https://www.googleapis.com/auth/firebase","https://www.googleapis.com/auth/cloud-platform"]
[debug] [2017-08-14T11:37:07.502Z] > authorizing via signed-in user
[debug] [2017-08-14T11:37:07.502Z] > refreshing access token with scopes: ["email","https://www.googleapis.com/auth/cloud-platform","https://www.googleapis.com/auth/cloudplatformprojects.readonly","https://www.googleapis.com/auth/firebase","openid"]
[debug] [2017-08-14T11:37:07.502Z] >>> HTTP REQUEST POST https://www.googleapis.com/oauth2/v3/token { refresh_token: '1/wut-315aNa61VWMlE7Emvg_ANE15mAiwsxk4LU5_qYw',
  client_id: '563584335869-fgrhgmd47bqnekij5i8b5pr03ho849e6.apps.googleusercontent.com',
  client_secret: 'j9iVZfS8kkCEFUPaAeJV0sAi',
  grant_type: 'refresh_token',
  scope: 'email https://www.googleapis.com/auth/cloud-platform https://www.googleapis.com/auth/cloudplatformprojects.readonly https://www.googleapis.com/auth/firebase openid' } 
 Mon Aug 14 2017 20:37:07 GMT+0900 (대한민국 표준시)
[debug] [2017-08-14T11:37:08.099Z] <<< HTTP RESPONSE 200
[debug] [2017-08-14T11:37:08.146Z] >>> HTTP REQUEST GET https://admin.firebase.com/v1/projects/hellofirebase-41c0b  
 Mon Aug 14 2017 20:37:08 GMT+0900 (대한민국 표준시)
[debug] [2017-08-14T11:37:11.313Z] <<< HTTP RESPONSE 200
[debug] [2017-08-14T11:37:11.313Z] >>> HTTP REQUEST GET https://admin.firebase.com/v1/database/hellofirebase-41c0b/tokens  
 Mon Aug 14 2017 20:37:11 GMT+0900 (대한민국 표준시)
[debug] [2017-08-14T11:37:14.250Z] <<< HTTP RESPONSE 200
[info] 
[info] === Serving from 'C:\Users\harupapa\git\helloFirebase\helloFirebase'...
[info] 
[debug] [2017-08-14T11:37:14.266Z] >>> HTTP REQUEST GET https://cloudresourcemanager.googleapis.com/v1/projects/hellofirebase-41c0b  
 Mon Aug 14 2017 20:37:14 GMT+0900 (대한민국 표준시)
[debug] [2017-08-14T11:37:15.750Z] <<< HTTP RESPONSE 200
[debug] [2017-08-14T11:37:15.750Z] >>> HTTP REQUEST GET https://mobilesdk-pa.googleapis.com/v1/projects/68999991029/clients/_:getWebAppConfig  
 Mon Aug 14 2017 20:37:15 GMT+0900 (대한민국 표준시)
[debug] [2017-08-14T11:37:17.454Z] <<< HTTP RESPONSE 200
[info] i  hosting: Serving hosting files from: nas
[info] +  hosting: Local server: http://localhost:5000

[debug] [2017-08-14T11:38:14.698Z] ----------------------------------------------------------------------
[debug] [2017-08-14T11:38:14.698Z] Command:       E:\dev\node\node.exe C:\Users\harupapa\AppData\Roaming\npm\node_modules\firebase-tools\bin\firebase serve
[debug] [2017-08-14T11:38:14.698Z] CLI Version:   3.9.2
[debug] [2017-08-14T11:38:14.698Z] Platform:      win32
[debug] [2017-08-14T11:38:14.698Z] Node Version:  v6.11.0
[debug] [2017-08-14T11:38:14.698Z] Time:          Mon Aug 14 2017 20:38:14 GMT+0900 (대한민국 표준시)
[debug] [2017-08-14T11:38:14.698Z] ----------------------------------------------------------------------
[debug] 
[debug] [2017-08-14T11:38:14.713Z] > command requires scopes: ["email","openid","https://www.googleapis.com/auth/cloudplatformprojects.readonly","https://www.googleapis.com/auth/firebase","https://www.googleapis.com/auth/cloud-platform"]
[debug] [2017-08-14T11:38:14.713Z] > authorizing via signed-in user
[debug] [2017-08-14T11:38:14.713Z] >>> HTTP REQUEST GET https://admin.firebase.com/v1/projects/hellofirebase-41c0b  
 Mon Aug 14 2017 20:38:14 GMT+0900 (대한민국 표준시)
[debug] [2017-08-14T11:38:16.767Z] <<< HTTP RESPONSE 200
[debug] [2017-08-14T11:38:16.767Z] >>> HTTP REQUEST GET https://admin.firebase.com/v1/database/hellofirebase-41c0b/tokens  
 Mon Aug 14 2017 20:38:16 GMT+0900 (대한민국 표준시)
[debug] [2017-08-14T11:38:18.588Z] <<< HTTP RESPONSE 200
[info] 
[info] === Serving from 'C:\Users\harupapa\git\helloFirebase\helloFirebase'...
[info] 
[debug] [2017-08-14T11:38:18.604Z] >>> HTTP REQUEST GET https://cloudresourcemanager.googleapis.com/v1/projects/hellofirebase-41c0b  
 Mon Aug 14 2017 20:38:18 GMT+0900 (대한민국 표준시)
[debug] [2017-08-14T11:38:20.439Z] <<< HTTP RESPONSE 200
[debug] [2017-08-14T11:38:20.439Z] >>> HTTP REQUEST GET https://mobilesdk-pa.googleapis.com/v1/projects/68999991029/clients/_:getWebAppConfig  
 Mon Aug 14 2017 20:38:20 GMT+0900 (대한민국 표준시)
[debug] [2017-08-14T11:38:22.574Z] <<< HTTP RESPONSE 200
[info] i  hosting: Serving hosting files from: nas
[info] +  hosting: Local server: http://localhost:5000

[debug] [2017-08-14T12:03:21.256Z] ----------------------------------------------------------------------
[debug] [2017-08-14T12:03:21.260Z] Command:       E:\dev\node\node.exe C:\Users\harupapa\AppData\Roaming\npm\node_modules\firebase-tools\bin\firebase serve
[debug] [2017-08-14T12:03:21.264Z] CLI Version:   3.9.2
[debug] [2017-08-14T12:03:21.264Z] Platform:      win32
[debug] [2017-08-14T12:03:21.264Z] Node Version:  v6.11.0
[debug] [2017-08-14T12:03:21.264Z] Time:          Mon Aug 14 2017 21:03:21 GMT+0900 (대한민국 표준시)
[debug] [2017-08-14T12:03:21.264Z] ----------------------------------------------------------------------
[debug] 
[debug] [2017-08-14T12:03:21.284Z] > command requires scopes: ["email","openid","https://www.googleapis.com/auth/cloudplatformprojects.readonly","https://www.googleapis.com/auth/firebase","https://www.googleapis.com/auth/cloud-platform"]
[debug] [2017-08-14T12:03:21.288Z] > authorizing via signed-in user
[debug] [2017-08-14T12:03:21.292Z] >>> HTTP REQUEST GET https://admin.firebase.com/v1/projects/hellofirebase-41c0b  
 Mon Aug 14 2017 21:03:21 GMT+0900 (대한민국 표준시)
[debug] [2017-08-14T12:03:24.513Z] <<< HTTP RESPONSE 200
[debug] [2017-08-14T12:03:24.521Z] >>> HTTP REQUEST GET https://admin.firebase.com/v1/database/hellofirebase-41c0b/tokens  
 Mon Aug 14 2017 21:03:24 GMT+0900 (대한민국 표준시)
[debug] [2017-08-14T12:03:26.201Z] <<< HTTP RESPONSE 200
[info] 
[info] === Serving from 'C:\Users\harupapa\git\helloFirebase\helloFirebase'...
[info] 
[debug] [2017-08-14T12:03:26.217Z] >>> HTTP REQUEST GET https://cloudresourcemanager.googleapis.com/v1/projects/hellofirebase-41c0b  
 Mon Aug 14 2017 21:03:26 GMT+0900 (대한민국 표준시)
[debug] [2017-08-14T12:03:27.758Z] <<< HTTP RESPONSE 200
[debug] [2017-08-14T12:03:27.762Z] >>> HTTP REQUEST GET https://mobilesdk-pa.googleapis.com/v1/projects/68999991029/clients/_:getWebAppConfig  
 Mon Aug 14 2017 21:03:27 GMT+0900 (대한민국 표준시)
[debug] [2017-08-14T12:03:29.298Z] <<< HTTP RESPONSE 200
[info] i  hosting: Serving hosting files from: nas
[info] +  hosting: Local server: http://localhost:5000

